<?xml version="1.0" encoding="UTF-8"?>
<testng-results ignored="0" total="1" passed="1" failed="0" skipped="0">
  <reporter-output>
  </reporter-output>
  <suite started-at="2024-12-13T16:05:55 IST" name="Default suite" finished-at="2024-12-13T16:06:28 IST" duration-ms="32836">
    <groups>
    </groups>
    <test started-at="2024-12-13T16:05:55 IST" name="Default test" finished-at="2024-12-13T16:06:28 IST" duration-ms="32836">
      <class name="Test.LoginPageTest">
        <test-method is-config="true" signature="LaunchApp()[pri:0, instance:Test.LoginPageTest@4d5d943d]" started-at="2024-12-13T16:05:55 IST" name="LaunchApp" finished-at="2024-12-13T16:06:03 IST" duration-ms="8458" status="PASS">
          <reporter-output>
          </reporter-output>
        </test-method> <!-- LaunchApp -->
        <test-method signature="LoginZeil()[pri:0, instance:Test.LoginPageTest@4d5d943d]" started-at="2024-12-13T16:06:03 IST" name="LoginZeil" finished-at="2024-12-13T16:06:27 IST" duration-ms="23907" status="PASS">
          <reporter-output>
          </reporter-output>
        </test-method> <!-- LoginZeil -->
        <test-method is-config="true" signature="CloseApp()[pri:0, instance:Test.LoginPageTest@4d5d943d]" started-at="2024-12-13T16:06:27 IST" name="CloseApp" finished-at="2024-12-13T16:06:28 IST" duration-ms="449" status="PASS">
          <reporter-output>
          </reporter-output>
        </test-method> <!-- CloseApp -->
      </class> <!-- Test.LoginPageTest -->
    </test> <!-- Default test -->
  </suite> <!-- Default suite -->
</testng-results>
